<?xml version="1.0" encoding="UTF-8"?>
<testsuite name="com.example.project.TestGroceryStore" tests="2" skipped="0" failures="0" errors="0" timestamp="2025-02-22T20:22:09" hostname="codespaces-b14598" time="0.007">
  <properties/>
  <testcase name="testReorderPARTA()" classname="com.example.project.TestGroceryStore" time="0.005"/>
  <testcase name="testReorderPARTB()" classname="com.example.project.TestGroceryStore" time="0.0"/>
  <system-out><![CDATA[]]></system-out>
  <system-err><![CDATA[]]></system-err>
</testsuite>
